This file contains any messages produced by compilers while
running configure, to aid debugging if configure makes a mistake.

It was created by libnfs configure 1.9.8, which was
generated by GNU Autoconf 2.69.  Invocation command line was

  $ ./configure --prefix=/usr

## --------- ##
## Platform. ##
## --------- ##

hostname = osmcdev
uname -m = armv7l
uname -r = 4.2.1-1-osmc
uname -s = Linux
uname -v = #1 SMP PREEMPT Wed Sep 23 17:57:49 UTC 2015

/usr/bin/uname -p = unknown
/bin/uname -X     = unknown

/bin/arch              = unknown
/usr/bin/arch -k       = unknown
/usr/convex/getsysinfo = unknown
/usr/bin/hostinfo      = unknown
/bin/machine           = unknown
/usr/bin/oslevel       = unknown
/bin/universe          = unknown

PATH: /usr/local/sbin
PATH: /usr/local/bin
PATH: /usr/sbin
PATH: /usr/bin
PATH: /sbin
PATH: /bin


## ----------- ##
## Core tests. ##
## ----------- ##

configure:2325: checking for a BSD-compatible install
configure:2393: result: /usr/bin/install -c
configure:2404: checking whether build environment is sane
configure:2459: result: yes
configure:2610: checking for a thread-safe mkdir -p
configure:2649: result: /bin/mkdir -p
configure:2656: checking for gawk
configure:2672: found /usr/bin/gawk
configure:2683: result: gawk
configure:2694: checking whether make sets $(MAKE)
configure:2716: result: yes
configure:2745: checking whether make supports nested variables
configure:2762: result: yes
configure:2892: checking build system type
configure:2906: result: armv7l-unknown-linux-gnueabihf
configure:2926: checking host system type
configure:2939: result: armv7l-unknown-linux-gnueabihf
configure:2973: checking for style of include used by make
configure:3001: result: GNU
configure:3072: checking for gcc
configure:3099: result: /usr/bin/ccache /usr/bin/gcc
configure:3328: checking for C compiler version
configure:3337: /usr/bin/ccache /usr/bin/gcc --version >&5
gcc (Debian 4.9.2-10) 4.9.2
Copyright (C) 2014 Free Software Foundation, Inc.
This is free software; see the source for copying conditions.  There is NO
warranty; not even for MERCHANTABILITY or FITNESS FOR A PARTICULAR PURPOSE.

configure:3348: $? = 0
configure:3337: /usr/bin/ccache /usr/bin/gcc -v >&5
Using built-in specs.
COLLECT_GCC=/usr/bin/gcc
COLLECT_LTO_WRAPPER=/usr/lib/gcc/arm-linux-gnueabihf/4.9/lto-wrapper
Target: arm-linux-gnueabihf
Configured with: ../src/configure -v --with-pkgversion='Debian 4.9.2-10' --with-bugurl=file:///usr/share/doc/gcc-4.9/README.Bugs --enable-languages=c,c++,java,go,d,fortran,objc,obj-c++ --prefix=/usr --program-suffix=-4.9 --enable-shared --enable-linker-build-id --libexecdir=/usr/lib --without-included-gettext --enable-threads=posix --with-gxx-include-dir=/usr/include/c++/4.9 --libdir=/usr/lib --enable-nls --with-sysroot=/ --enable-clocale=gnu --enable-libstdcxx-debug --enable-libstdcxx-time=yes --enable-gnu-unique-object --disable-libitm --disable-libquadmath --enable-plugin --with-system-zlib --disable-browser-plugin --enable-java-awt=gtk --enable-gtk-cairo --with-java-home=/usr/lib/jvm/java-1.5.0-gcj-4.9-armhf/jre --enable-java-home --with-jvm-root-dir=/usr/lib/jvm/java-1.5.0-gcj-4.9-armhf --with-jvm-jar-dir=/usr/lib/jvm-exports/java-1.5.0-gcj-4.9-armhf --with-arch-directory=arm --with-ecj-jar=/usr/share/java/eclipse-ecj.jar --enable-objc-gc --enable-multiarch --disable-sjlj-exceptions --with-arch=armv7-a --with-fpu=vfpv3-d16 --with-float=hard --with-mode=thumb --enable-checking=release --build=arm-linux-gnueabihf --host=arm-linux-gnueabihf --target=arm-linux-gnueabihf
Thread model: posix
gcc version 4.9.2 (Debian 4.9.2-10) 
configure:3348: $? = 0
configure:3337: /usr/bin/ccache /usr/bin/gcc -V >&5
gcc: error: unrecognized command line option '-V'
gcc: fatal error: no input files
compilation terminated.
configure:3348: $? = 4
configure:3337: /usr/bin/ccache /usr/bin/gcc -qversion >&5
gcc: error: unrecognized command line option '-qversion'
gcc: fatal error: no input files
compilation terminated.
configure:3348: $? = 4
configure:3368: checking whether the C compiler works
configure:3390: /usr/bin/ccache /usr/bin/gcc -O3 -fomit-frame-pointer  -O3 -fomit-frame-pointer   conftest.c  >&5
configure:3394: $? = 0
configure:3442: result: yes
configure:3445: checking for C compiler default output file name
configure:3447: result: a.out
configure:3453: checking for suffix of executables
configure:3460: /usr/bin/ccache /usr/bin/gcc -o conftest -O3 -fomit-frame-pointer  -O3 -fomit-frame-pointer   conftest.c  >&5
configure:3464: $? = 0
configure:3486: result: 
configure:3508: checking whether we are cross compiling
configure:3516: /usr/bin/ccache /usr/bin/gcc -o conftest -O3 -fomit-frame-pointer  -O3 -fomit-frame-pointer   conftest.c  >&5
configure:3520: $? = 0
configure:3527: ./conftest
configure:3531: $? = 0
configure:3546: result: no
configure:3551: checking for suffix of object files
configure:3573: /usr/bin/ccache /usr/bin/gcc -c -O3 -fomit-frame-pointer  -O3 -fomit-frame-pointer  conftest.c >&5
configure:3577: $? = 0
configure:3598: result: o
configure:3602: checking whether we are using the GNU C compiler
configure:3621: /usr/bin/ccache /usr/bin/gcc -c -O3 -fomit-frame-pointer  -O3 -fomit-frame-pointer  conftest.c >&5
configure:3621: $? = 0
configure:3630: result: yes
configure:3639: checking whether /usr/bin/ccache /usr/bin/gcc accepts -g
configure:3659: /usr/bin/ccache /usr/bin/gcc -c -g -O3 -fomit-frame-pointer  conftest.c >&5
configure:3659: $? = 0
configure:3700: result: yes
configure:3717: checking for /usr/bin/ccache /usr/bin/gcc option to accept ISO C89
configure:3780: /usr/bin/ccache /usr/bin/gcc  -c -O3 -fomit-frame-pointer  -O3 -fomit-frame-pointer  conftest.c >&5
configure:3780: $? = 0
configure:3793: result: none needed
configure:3818: checking whether /usr/bin/ccache /usr/bin/gcc understands -c and -o together
configure:3840: /usr/bin/ccache /usr/bin/gcc -c conftest.c -o conftest2.o
configure:3843: $? = 0
configure:3840: /usr/bin/ccache /usr/bin/gcc -c conftest.c -o conftest2.o
configure:3843: $? = 0
configure:3855: result: yes
configure:3874: checking dependency style of /usr/bin/ccache /usr/bin/gcc
configure:3985: result: gcc3
configure:4050: checking for ar
configure:4066: found /usr/bin/ar
configure:4077: result: ar
configure:4103: checking the archiver (ar) interface
configure:4119: /usr/bin/ccache /usr/bin/gcc -c -O3 -fomit-frame-pointer  -O3 -fomit-frame-pointer  conftest.c >&5
configure:4119: $? = 0
configure:4121: ar cru libconftest.a conftest.o >&5
configure:4124: $? = 0
configure:4152: result: ar
configure:4224: checking for gcc
configure:4251: result: /usr/bin/ccache /usr/bin/gcc
configure:4480: checking for C compiler version
configure:4489: /usr/bin/ccache /usr/bin/gcc --version >&5
gcc (Debian 4.9.2-10) 4.9.2
Copyright (C) 2014 Free Software Foundation, Inc.
This is free software; see the source for copying conditions.  There is NO
warranty; not even for MERCHANTABILITY or FITNESS FOR A PARTICULAR PURPOSE.

configure:4500: $? = 0
configure:4489: /usr/bin/ccache /usr/bin/gcc -v >&5
Using built-in specs.
COLLECT_GCC=/usr/bin/gcc
COLLECT_LTO_WRAPPER=/usr/lib/gcc/arm-linux-gnueabihf/4.9/lto-wrapper
Target: arm-linux-gnueabihf
Configured with: ../src/configure -v --with-pkgversion='Debian 4.9.2-10' --with-bugurl=file:///usr/share/doc/gcc-4.9/README.Bugs --enable-languages=c,c++,java,go,d,fortran,objc,obj-c++ --prefix=/usr --program-suffix=-4.9 --enable-shared --enable-linker-build-id --libexecdir=/usr/lib --without-included-gettext --enable-threads=posix --with-gxx-include-dir=/usr/include/c++/4.9 --libdir=/usr/lib --enable-nls --with-sysroot=/ --enable-clocale=gnu --enable-libstdcxx-debug --enable-libstdcxx-time=yes --enable-gnu-unique-object --disable-libitm --disable-libquadmath --enable-plugin --with-system-zlib --disable-browser-plugin --enable-java-awt=gtk --enable-gtk-cairo --with-java-home=/usr/lib/jvm/java-1.5.0-gcj-4.9-armhf/jre --enable-java-home --with-jvm-root-dir=/usr/lib/jvm/java-1.5.0-gcj-4.9-armhf --with-jvm-jar-dir=/usr/lib/jvm-exports/java-1.5.0-gcj-4.9-armhf --with-arch-directory=arm --with-ecj-jar=/usr/share/java/eclipse-ecj.jar --enable-objc-gc --enable-multiarch --disable-sjlj-exceptions --with-arch=armv7-a --with-fpu=vfpv3-d16 --with-float=hard --with-mode=thumb --enable-checking=release --build=arm-linux-gnueabihf --host=arm-linux-gnueabihf --target=arm-linux-gnueabihf
Thread model: posix
gcc version 4.9.2 (Debian 4.9.2-10) 
configure:4500: $? = 0
configure:4489: /usr/bin/ccache /usr/bin/gcc -V >&5
gcc: error: unrecognized command line option '-V'
gcc: fatal error: no input files
compilation terminated.
configure:4500: $? = 4
configure:4489: /usr/bin/ccache /usr/bin/gcc -qversion >&5
gcc: error: unrecognized command line option '-qversion'
gcc: fatal error: no input files
compilation terminated.
configure:4500: $? = 4
configure:4504: checking whether we are using the GNU C compiler
configure:4532: result: yes
configure:4541: checking whether /usr/bin/ccache /usr/bin/gcc accepts -g
configure:4602: result: yes
configure:4619: checking for /usr/bin/ccache /usr/bin/gcc option to accept ISO C89
configure:4695: result: none needed
configure:4720: checking whether /usr/bin/ccache /usr/bin/gcc understands -c and -o together
configure:4757: result: yes
configure:4776: checking dependency style of /usr/bin/ccache /usr/bin/gcc
configure:4887: result: gcc3
configure:4948: checking how to print strings
configure:4975: result: printf
configure:4996: checking for a sed that does not truncate output
configure:5060: result: /bin/sed
configure:5078: checking for grep that handles long lines and -e
configure:5136: result: /bin/grep
configure:5141: checking for egrep
configure:5203: result: /bin/grep -E
configure:5208: checking for fgrep
configure:5270: result: /bin/grep -F
configure:5305: checking for ld used by /usr/bin/ccache /usr/bin/gcc
configure:5372: result: /usr/bin/ld
configure:5379: checking if the linker (/usr/bin/ld) is GNU ld
configure:5394: result: yes
configure:5406: checking for BSD- or MS-compatible name lister (nm)
configure:5455: result: /usr/bin/nm -B
configure:5585: checking the name lister (/usr/bin/nm -B) interface
configure:5592: /usr/bin/ccache /usr/bin/gcc -c -O3 -fomit-frame-pointer  -O3 -fomit-frame-pointer  conftest.c >&5
configure:5595: /usr/bin/nm -B "conftest.o"
configure:5598: output
00000000 B some_variable
configure:5605: result: BSD nm
configure:5608: checking whether ln -s works
configure:5612: result: yes
configure:5620: checking the maximum length of command line arguments
configure:5751: result: 1572864
configure:5768: checking whether the shell understands some XSI constructs
configure:5778: result: yes
configure:5782: checking whether the shell understands "+="
configure:5788: result: yes
configure:5823: checking how to convert armv7l-unknown-linux-gnueabihf file names to armv7l-unknown-linux-gnueabihf format
configure:5863: result: func_convert_file_noop
configure:5870: checking how to convert armv7l-unknown-linux-gnueabihf file names to toolchain format
configure:5890: result: func_convert_file_noop
configure:5897: checking for /usr/bin/ld option to reload object files
configure:5904: result: -r
configure:5978: checking for objdump
configure:5994: found /usr/bin/objdump
configure:6005: result: objdump
configure:6037: checking how to recognize dependent libraries
configure:6235: result: pass_all
configure:6320: checking for dlltool
configure:6350: result: no
configure:6380: checking how to associate runtime and link libraries
configure:6407: result: printf %s\n
configure:6531: checking for archiver @FILE support
configure:6548: /usr/bin/ccache /usr/bin/gcc -c -O3 -fomit-frame-pointer  -O3 -fomit-frame-pointer  conftest.c >&5
configure:6548: $? = 0
configure:6551: ar cru libconftest.a @conftest.lst >&5
configure:6554: $? = 0
configure:6559: ar cru libconftest.a @conftest.lst >&5
ar: conftest.o: No such file or directory
configure:6562: $? = 1
configure:6574: result: @
configure:6632: checking for strip
configure:6648: found /usr/bin/strip
configure:6659: result: strip
configure:6731: checking for ranlib
configure:6747: found /usr/bin/ranlib
configure:6758: result: ranlib
configure:6860: checking command to parse /usr/bin/nm -B output from /usr/bin/ccache /usr/bin/gcc object
configure:6980: /usr/bin/ccache /usr/bin/gcc -c -O3 -fomit-frame-pointer  -O3 -fomit-frame-pointer  conftest.c >&5
configure:6983: $? = 0
configure:6987: /usr/bin/nm -B conftest.o \| sed -n -e 's/^.*[ ]\([ABCDGIRSTW][ABCDGIRSTW]*\)[ ][ ]*\([_A-Za-z][_A-Za-z0-9]*\)$/\1 \2 \2/p' | sed '/ __gnu_lto/d' \> conftest.nm
configure:6990: $? = 0
configure:7056: /usr/bin/ccache /usr/bin/gcc -o conftest -O3 -fomit-frame-pointer  -O3 -fomit-frame-pointer   conftest.c conftstm.o >&5
configure:7059: $? = 0
configure:7097: result: ok
configure:7134: checking for sysroot
configure:7164: result: no
configure:7433: checking for mt
configure:7463: result: no
configure:7483: checking if : is a manifest tool
configure:7489: : '-?'
configure:7497: result: no
configure:8139: checking how to run the C preprocessor
configure:8170: /usr/bin/ccache /usr/bin/gcc -E -O3 -fomit-frame-pointer  conftest.c
configure:8170: $? = 0
configure:8184: /usr/bin/ccache /usr/bin/gcc -E -O3 -fomit-frame-pointer  conftest.c
conftest.c:11:28: fatal error: ac_nonexistent.h: No such file or directory
 #include <ac_nonexistent.h>
                            ^
compilation terminated.
configure:8184: $? = 1
configure: failed program was:
| /* confdefs.h */
| #define PACKAGE_NAME "libnfs"
| #define PACKAGE_TARNAME "libnfs"
| #define PACKAGE_VERSION "1.9.8"
| #define PACKAGE_STRING "libnfs 1.9.8"
| #define PACKAGE_BUGREPORT "ronniesahlberg@gmail.com"
| #define PACKAGE_URL ""
| #define PACKAGE "libnfs"
| #define VERSION "1.9.8"
| /* end confdefs.h.  */
| #include <ac_nonexistent.h>
configure:8209: result: /usr/bin/ccache /usr/bin/gcc -E
configure:8229: /usr/bin/ccache /usr/bin/gcc -E -O3 -fomit-frame-pointer  conftest.c
configure:8229: $? = 0
configure:8243: /usr/bin/ccache /usr/bin/gcc -E -O3 -fomit-frame-pointer  conftest.c
conftest.c:11:28: fatal error: ac_nonexistent.h: No such file or directory
 #include <ac_nonexistent.h>
                            ^
compilation terminated.
configure:8243: $? = 1
configure: failed program was:
| /* confdefs.h */
| #define PACKAGE_NAME "libnfs"
| #define PACKAGE_TARNAME "libnfs"
| #define PACKAGE_VERSION "1.9.8"
| #define PACKAGE_STRING "libnfs 1.9.8"
| #define PACKAGE_BUGREPORT "ronniesahlberg@gmail.com"
| #define PACKAGE_URL ""
| #define PACKAGE "libnfs"
| #define VERSION "1.9.8"
| /* end confdefs.h.  */
| #include <ac_nonexistent.h>
configure:8272: checking for ANSI C header files
configure:8292: /usr/bin/ccache /usr/bin/gcc -c -O3 -fomit-frame-pointer  -O3 -fomit-frame-pointer  conftest.c >&5
configure:8292: $? = 0
configure:8365: /usr/bin/ccache /usr/bin/gcc -o conftest -O3 -fomit-frame-pointer  -O3 -fomit-frame-pointer   conftest.c  >&5
configure:8365: $? = 0
configure:8365: ./conftest
configure:8365: $? = 0
configure:8376: result: yes
configure:8389: checking for sys/types.h
configure:8389: /usr/bin/ccache /usr/bin/gcc -c -O3 -fomit-frame-pointer  -O3 -fomit-frame-pointer  conftest.c >&5
configure:8389: $? = 0
configure:8389: result: yes
configure:8389: checking for sys/stat.h
configure:8389: /usr/bin/ccache /usr/bin/gcc -c -O3 -fomit-frame-pointer  -O3 -fomit-frame-pointer  conftest.c >&5
configure:8389: $? = 0
configure:8389: result: yes
configure:8389: checking for stdlib.h
configure:8389: /usr/bin/ccache /usr/bin/gcc -c -O3 -fomit-frame-pointer  -O3 -fomit-frame-pointer  conftest.c >&5
configure:8389: $? = 0
configure:8389: result: yes
configure:8389: checking for string.h
configure:8389: /usr/bin/ccache /usr/bin/gcc -c -O3 -fomit-frame-pointer  -O3 -fomit-frame-pointer  conftest.c >&5
configure:8389: $? = 0
configure:8389: result: yes
configure:8389: checking for memory.h
configure:8389: /usr/bin/ccache /usr/bin/gcc -c -O3 -fomit-frame-pointer  -O3 -fomit-frame-pointer  conftest.c >&5
configure:8389: $? = 0
configure:8389: result: yes
configure:8389: checking for strings.h
configure:8389: /usr/bin/ccache /usr/bin/gcc -c -O3 -fomit-frame-pointer  -O3 -fomit-frame-pointer  conftest.c >&5
configure:8389: $? = 0
configure:8389: result: yes
configure:8389: checking for inttypes.h
configure:8389: /usr/bin/ccache /usr/bin/gcc -c -O3 -fomit-frame-pointer  -O3 -fomit-frame-pointer  conftest.c >&5
configure:8389: $? = 0
configure:8389: result: yes
configure:8389: checking for stdint.h
configure:8389: /usr/bin/ccache /usr/bin/gcc -c -O3 -fomit-frame-pointer  -O3 -fomit-frame-pointer  conftest.c >&5
configure:8389: $? = 0
configure:8389: result: yes
configure:8389: checking for unistd.h
configure:8389: /usr/bin/ccache /usr/bin/gcc -c -O3 -fomit-frame-pointer  -O3 -fomit-frame-pointer  conftest.c >&5
configure:8389: $? = 0
configure:8389: result: yes
configure:8403: checking for dlfcn.h
configure:8403: /usr/bin/ccache /usr/bin/gcc -c -O3 -fomit-frame-pointer  -O3 -fomit-frame-pointer  conftest.c >&5
configure:8403: $? = 0
configure:8403: result: yes
configure:8609: checking for objdir
configure:8624: result: .libs
configure:8895: checking if /usr/bin/ccache /usr/bin/gcc supports -fno-rtti -fno-exceptions
configure:8913: /usr/bin/ccache /usr/bin/gcc -c -O3 -fomit-frame-pointer  -O3 -fomit-frame-pointer  -fno-rtti -fno-exceptions conftest.c >&5
cc1: warning: command line option '-fno-rtti' is valid for C++/ObjC++ but not for C
cc1: warning: command line option '-fno-rtti' is valid for C++/ObjC++ but not for C
configure:8917: $? = 0
configure:8930: result: no
configure:9257: checking for /usr/bin/ccache /usr/bin/gcc option to produce PIC
configure:9264: result: -fPIC -DPIC
configure:9272: checking if /usr/bin/ccache /usr/bin/gcc PIC flag -fPIC -DPIC works
configure:9290: /usr/bin/ccache /usr/bin/gcc -c -O3 -fomit-frame-pointer  -O3 -fomit-frame-pointer  -fPIC -DPIC -DPIC conftest.c >&5
configure:9294: $? = 0
configure:9307: result: yes
configure:9336: checking if /usr/bin/ccache /usr/bin/gcc static flag -static works
configure:9364: result: yes
configure:9379: checking if /usr/bin/ccache /usr/bin/gcc supports -c -o file.o
configure:9400: /usr/bin/ccache /usr/bin/gcc -c -O3 -fomit-frame-pointer  -O3 -fomit-frame-pointer  -o out/conftest2.o conftest.c >&5
configure:9404: $? = 0
configure:9426: result: yes
configure:9434: checking if /usr/bin/ccache /usr/bin/gcc supports -c -o file.o
configure:9481: result: yes
configure:9514: checking whether the /usr/bin/ccache /usr/bin/gcc linker (/usr/bin/ld) supports shared libraries
configure:10671: result: yes
configure:10708: checking whether -lc should be explicitly linked in
configure:10716: /usr/bin/ccache /usr/bin/gcc -c -O3 -fomit-frame-pointer  -O3 -fomit-frame-pointer  conftest.c >&5
configure:10719: $? = 0
configure:10734: /usr/bin/ccache /usr/bin/gcc -shared  -fPIC -DPIC conftest.o  -v -Wl,-soname -Wl,conftest -o conftest 2\>\&1 \| /bin/grep  -lc  \>/dev/null 2\>\&1
configure:10737: $? = 0
configure:10751: result: no
configure:10911: checking dynamic linker characteristics
configure:11411: /usr/bin/ccache /usr/bin/gcc -o conftest -O3 -fomit-frame-pointer  -O3 -fomit-frame-pointer   -Wl,-rpath -Wl,/foo conftest.c  >&5
configure:11411: $? = 0
configure:11645: result: GNU/Linux ld.so
configure:11752: checking how to hardcode library paths into programs
configure:11777: result: immediate
configure:12317: checking whether stripping libraries is possible
configure:12322: result: yes
configure:12357: checking if libtool supports shared libraries
configure:12359: result: yes
configure:12362: checking whether to build shared libraries
configure:12383: result: yes
configure:12386: checking whether to build static libraries
configure:12390: result: yes
configure:12483: checking for pkg-config
configure:12501: found /usr/bin/pkg-config
configure:12513: result: /usr/bin/pkg-config
configure:12538: checking pkg-config is at least version 0.9.0
configure:12541: result: yes
configure:12627: checking whether to set -Werror
configure:12767: checking poll.h usability
configure:12767: /usr/bin/ccache /usr/bin/gcc -c -O3 -fomit-frame-pointer  -D_FILE_OFFSET_BITS=64 -O3 -fomit-frame-pointer  conftest.c >&5
configure:12767: $? = 0
configure:12767: result: yes
configure:12767: checking poll.h presence
configure:12767: /usr/bin/ccache /usr/bin/gcc -E -O3 -fomit-frame-pointer  conftest.c
configure:12767: $? = 0
configure:12767: result: yes
configure:12767: checking for poll.h
configure:12767: result: yes
configure:12781: checking for unistd.h
configure:12781: result: yes
configure:12795: checking netdb.h usability
configure:12795: /usr/bin/ccache /usr/bin/gcc -c -O3 -fomit-frame-pointer  -D_FILE_OFFSET_BITS=64 -O3 -fomit-frame-pointer  conftest.c >&5
configure:12795: $? = 0
configure:12795: result: yes
configure:12795: checking netdb.h presence
configure:12795: /usr/bin/ccache /usr/bin/gcc -E -O3 -fomit-frame-pointer  conftest.c
configure:12795: $? = 0
configure:12795: result: yes
configure:12795: checking for netdb.h
configure:12795: result: yes
configure:12809: checking utime.h usability
configure:12809: /usr/bin/ccache /usr/bin/gcc -c -O3 -fomit-frame-pointer  -D_FILE_OFFSET_BITS=64 -O3 -fomit-frame-pointer  conftest.c >&5
configure:12809: $? = 0
configure:12809: result: yes
configure:12809: checking utime.h presence
configure:12809: /usr/bin/ccache /usr/bin/gcc -E -O3 -fomit-frame-pointer  conftest.c
configure:12809: $? = 0
configure:12809: result: yes
configure:12809: checking for utime.h
configure:12809: result: yes
configure:12823: checking net/if.h usability
configure:12823: /usr/bin/ccache /usr/bin/gcc -c -O3 -fomit-frame-pointer  -D_FILE_OFFSET_BITS=64 -O3 -fomit-frame-pointer  conftest.c >&5
configure:12823: $? = 0
configure:12823: result: yes
configure:12823: checking net/if.h presence
configure:12823: /usr/bin/ccache /usr/bin/gcc -E -O3 -fomit-frame-pointer  conftest.c
configure:12823: $? = 0
configure:12823: result: yes
configure:12823: checking for net/if.h
configure:12823: result: yes
configure:12837: checking sys/time.h usability
configure:12837: /usr/bin/ccache /usr/bin/gcc -c -O3 -fomit-frame-pointer  -D_FILE_OFFSET_BITS=64 -O3 -fomit-frame-pointer  conftest.c >&5
configure:12837: $? = 0
configure:12837: result: yes
configure:12837: checking sys/time.h presence
configure:12837: /usr/bin/ccache /usr/bin/gcc -E -O3 -fomit-frame-pointer  conftest.c
configure:12837: $? = 0
configure:12837: result: yes
configure:12837: checking for sys/time.h
configure:12837: result: yes
configure:12851: checking sys/ioctl.h usability
configure:12851: /usr/bin/ccache /usr/bin/gcc -c -O3 -fomit-frame-pointer  -D_FILE_OFFSET_BITS=64 -O3 -fomit-frame-pointer  conftest.c >&5
configure:12851: $? = 0
configure:12851: result: yes
configure:12851: checking sys/ioctl.h presence
configure:12851: /usr/bin/ccache /usr/bin/gcc -E -O3 -fomit-frame-pointer  conftest.c
configure:12851: $? = 0
configure:12851: result: yes
configure:12851: checking for sys/ioctl.h
configure:12851: result: yes
configure:12865: checking sys/vfs.h usability
configure:12865: /usr/bin/ccache /usr/bin/gcc -c -O3 -fomit-frame-pointer  -D_FILE_OFFSET_BITS=64 -O3 -fomit-frame-pointer  conftest.c >&5
configure:12865: $? = 0
configure:12865: result: yes
configure:12865: checking sys/vfs.h presence
configure:12865: /usr/bin/ccache /usr/bin/gcc -E -O3 -fomit-frame-pointer  conftest.c
configure:12865: $? = 0
configure:12865: result: yes
configure:12865: checking for sys/vfs.h
configure:12865: result: yes
configure:12879: checking sys/statvfs.h usability
configure:12879: /usr/bin/ccache /usr/bin/gcc -c -O3 -fomit-frame-pointer  -D_FILE_OFFSET_BITS=64 -O3 -fomit-frame-pointer  conftest.c >&5
configure:12879: $? = 0
configure:12879: result: yes
configure:12879: checking sys/statvfs.h presence
configure:12879: /usr/bin/ccache /usr/bin/gcc -E -O3 -fomit-frame-pointer  conftest.c
configure:12879: $? = 0
configure:12879: result: yes
configure:12879: checking for sys/statvfs.h
configure:12879: result: yes
configure:12893: checking sys/socket.h usability
configure:12893: /usr/bin/ccache /usr/bin/gcc -c -O3 -fomit-frame-pointer  -D_FILE_OFFSET_BITS=64 -O3 -fomit-frame-pointer  conftest.c >&5
configure:12893: $? = 0
configure:12893: result: yes
configure:12893: checking sys/socket.h presence
configure:12893: /usr/bin/ccache /usr/bin/gcc -E -O3 -fomit-frame-pointer  conftest.c
configure:12893: $? = 0
configure:12893: result: yes
configure:12893: checking for sys/socket.h
configure:12893: result: yes
configure:12907: checking netinet/tcp.h usability
configure:12907: /usr/bin/ccache /usr/bin/gcc -c -O3 -fomit-frame-pointer  -D_FILE_OFFSET_BITS=64 -O3 -fomit-frame-pointer  conftest.c >&5
configure:12907: $? = 0
configure:12907: result: yes
configure:12907: checking netinet/tcp.h presence
configure:12907: /usr/bin/ccache /usr/bin/gcc -E -O3 -fomit-frame-pointer  conftest.c
configure:12907: $? = 0
configure:12907: result: yes
configure:12907: checking for netinet/tcp.h
configure:12907: result: yes
configure:12921: checking netinet/in.h usability
configure:12921: /usr/bin/ccache /usr/bin/gcc -c -O3 -fomit-frame-pointer  -D_FILE_OFFSET_BITS=64 -O3 -fomit-frame-pointer  conftest.c >&5
configure:12921: $? = 0
configure:12921: result: yes
configure:12921: checking netinet/in.h presence
configure:12921: /usr/bin/ccache /usr/bin/gcc -E -O3 -fomit-frame-pointer  conftest.c
configure:12921: $? = 0
configure:12921: result: yes
configure:12921: checking for netinet/in.h
configure:12921: result: yes
configure:12935: checking arpa/inet.h usability
configure:12935: /usr/bin/ccache /usr/bin/gcc -c -O3 -fomit-frame-pointer  -D_FILE_OFFSET_BITS=64 -O3 -fomit-frame-pointer  conftest.c >&5
configure:12935: $? = 0
configure:12935: result: yes
configure:12935: checking arpa/inet.h presence
configure:12935: /usr/bin/ccache /usr/bin/gcc -E -O3 -fomit-frame-pointer  conftest.c
configure:12935: $? = 0
configure:12935: result: yes
configure:12935: checking for arpa/inet.h
configure:12935: result: yes
configure:12947: checking for struct sockaddr.sa_len
configure:12947: /usr/bin/ccache /usr/bin/gcc -c -O3 -fomit-frame-pointer  -D_FILE_OFFSET_BITS=64 -O3 -fomit-frame-pointer  conftest.c >&5
conftest.c: In function 'main':
conftest.c:45:12: error: 'struct sockaddr' has no member named 'sa_len'
 if (ac_aggr.sa_len)
            ^
configure:12947: $? = 1
configure: failed program was:
| /* confdefs.h */
| #define PACKAGE_NAME "libnfs"
| #define PACKAGE_TARNAME "libnfs"
| #define PACKAGE_VERSION "1.9.8"
| #define PACKAGE_STRING "libnfs 1.9.8"
| #define PACKAGE_BUGREPORT "ronniesahlberg@gmail.com"
| #define PACKAGE_URL ""
| #define PACKAGE "libnfs"
| #define VERSION "1.9.8"
| #define STDC_HEADERS 1
| #define HAVE_SYS_TYPES_H 1
| #define HAVE_SYS_STAT_H 1
| #define HAVE_STDLIB_H 1
| #define HAVE_STRING_H 1
| #define HAVE_MEMORY_H 1
| #define HAVE_STRINGS_H 1
| #define HAVE_INTTYPES_H 1
| #define HAVE_STDINT_H 1
| #define HAVE_UNISTD_H 1
| #define HAVE_DLFCN_H 1
| #define LT_OBJDIR ".libs/"
| #define HAVE_POLL_H 1
| #define HAVE_UNISTD_H 1
| #define HAVE_NETDB_H 1
| #define HAVE_UTIME_H 1
| #define HAVE_NET_IF_H 1
| #define HAVE_SYS_TIME_H 1
| #define HAVE_SYS_IOCTL_H 1
| #define HAVE_SYS_VFS_H 1
| #define HAVE_SYS_STATVFS_H 1
| #define HAVE_SYS_SOCKET_H 1
| #define HAVE_NETINET_TCP_H 1
| #define HAVE_NETINET_IN_H 1
| #define HAVE_ARPA_INET_H 1
| /* end confdefs.h.  */
| 
| #include <sys/types.h>
| #include <sys/socket.h>
| 
| 
| int
| main ()
| {
| static struct sockaddr ac_aggr;
| if (ac_aggr.sa_len)
| return 0;
|   ;
|   return 0;
| }
configure:12947: /usr/bin/ccache /usr/bin/gcc -c -O3 -fomit-frame-pointer  -D_FILE_OFFSET_BITS=64 -O3 -fomit-frame-pointer  conftest.c >&5
conftest.c: In function 'main':
conftest.c:45:19: error: 'struct sockaddr' has no member named 'sa_len'
 if (sizeof ac_aggr.sa_len)
                   ^
configure:12947: $? = 1
configure: failed program was:
| /* confdefs.h */
| #define PACKAGE_NAME "libnfs"
| #define PACKAGE_TARNAME "libnfs"
| #define PACKAGE_VERSION "1.9.8"
| #define PACKAGE_STRING "libnfs 1.9.8"
| #define PACKAGE_BUGREPORT "ronniesahlberg@gmail.com"
| #define PACKAGE_URL ""
| #define PACKAGE "libnfs"
| #define VERSION "1.9.8"
| #define STDC_HEADERS 1
| #define HAVE_SYS_TYPES_H 1
| #define HAVE_SYS_STAT_H 1
| #define HAVE_STDLIB_H 1
| #define HAVE_STRING_H 1
| #define HAVE_MEMORY_H 1
| #define HAVE_STRINGS_H 1
| #define HAVE_INTTYPES_H 1
| #define HAVE_STDINT_H 1
| #define HAVE_UNISTD_H 1
| #define HAVE_DLFCN_H 1
| #define LT_OBJDIR ".libs/"
| #define HAVE_POLL_H 1
| #define HAVE_UNISTD_H 1
| #define HAVE_NETDB_H 1
| #define HAVE_UTIME_H 1
| #define HAVE_NET_IF_H 1
| #define HAVE_SYS_TIME_H 1
| #define HAVE_SYS_IOCTL_H 1
| #define HAVE_SYS_VFS_H 1
| #define HAVE_SYS_STATVFS_H 1
| #define HAVE_SYS_SOCKET_H 1
| #define HAVE_NETINET_TCP_H 1
| #define HAVE_NETINET_IN_H 1
| #define HAVE_ARPA_INET_H 1
| /* end confdefs.h.  */
| 
| #include <sys/types.h>
| #include <sys/socket.h>
| 
| 
| int
| main ()
| {
| static struct sockaddr ac_aggr;
| if (sizeof ac_aggr.sa_len)
| return 0;
|   ;
|   return 0;
| }
configure:12947: result: no
configure:12960: checking for struct sockaddr_storage.ss_family
configure:12960: /usr/bin/ccache /usr/bin/gcc -c -O3 -fomit-frame-pointer  -D_FILE_OFFSET_BITS=64 -O3 -fomit-frame-pointer  conftest.c >&5
configure:12960: $? = 0
configure:12960: result: yes
configure:12972: checking for struct stat.st_mtim.tv_nsec
configure:12972: /usr/bin/ccache /usr/bin/gcc -c -O3 -fomit-frame-pointer  -D_FILE_OFFSET_BITS=64 -O3 -fomit-frame-pointer  conftest.c >&5
configure:12972: $? = 0
configure:12972: result: yes
configure:12984: checking whether sys/types.h defines makedev
configure:13000: /usr/bin/ccache /usr/bin/gcc -o conftest -O3 -fomit-frame-pointer  -D_FILE_OFFSET_BITS=64 -O3 -fomit-frame-pointer   conftest.c  >&5
configure:13000: $? = 0
configure:13009: result: yes
configure:13150: checking that generated files are newer than configure
configure:13156: result: done
configure:13183: creating ./config.status

## ---------------------- ##
## Running config.status. ##
## ---------------------- ##

This file was extended by libnfs config.status 1.9.8, which was
generated by GNU Autoconf 2.69.  Invocation command line was

  CONFIG_FILES    = 
  CONFIG_HEADERS  = 
  CONFIG_LINKS    = 
  CONFIG_COMMANDS = 
  $ ./config.status 

on osmcdev

config.status:1112: creating Makefile
config.status:1112: creating doc/Makefile
config.status:1112: creating include/Makefile
config.status:1112: creating lib/Makefile
config.status:1112: creating mount/Makefile
config.status:1112: creating nfs/Makefile
config.status:1112: creating nlm/Makefile
config.status:1112: creating nsm/Makefile
config.status:1112: creating portmap/Makefile
config.status:1112: creating rquota/Makefile
config.status:1112: creating utils/Makefile
config.status:1112: creating examples/Makefile
config.status:1112: creating libnfs.pc
config.status:1112: creating config.h
config.status:1341: executing depfiles commands
config.status:1341: executing libtool commands

## ---------------- ##
## Cache variables. ##
## ---------------- ##

ac_cv_build=armv7l-unknown-linux-gnueabihf
ac_cv_c_compiler_gnu=yes
ac_cv_env_CC_set=set
ac_cv_env_CC_value='/usr/bin/ccache /usr/bin/gcc'
ac_cv_env_CFLAGS_set=set
ac_cv_env_CFLAGS_value='-O3 -fomit-frame-pointer '
ac_cv_env_CPPFLAGS_set=set
ac_cv_env_CPPFLAGS_value='-O3 -fomit-frame-pointer '
ac_cv_env_CPP_set=
ac_cv_env_CPP_value=
ac_cv_env_LDFLAGS_set=
ac_cv_env_LDFLAGS_value=
ac_cv_env_LIBS_set=
ac_cv_env_LIBS_value=
ac_cv_env_PKG_CONFIG_LIBDIR_set=
ac_cv_env_PKG_CONFIG_LIBDIR_value=
ac_cv_env_PKG_CONFIG_PATH_set=
ac_cv_env_PKG_CONFIG_PATH_value=
ac_cv_env_PKG_CONFIG_set=
ac_cv_env_PKG_CONFIG_value=
ac_cv_env_build_alias_set=
ac_cv_env_build_alias_value=
ac_cv_env_host_alias_set=
ac_cv_env_host_alias_value=
ac_cv_env_target_alias_set=
ac_cv_env_target_alias_value=
ac_cv_header_arpa_inet_h=yes
ac_cv_header_dlfcn_h=yes
ac_cv_header_inttypes_h=yes
ac_cv_header_memory_h=yes
ac_cv_header_net_if_h=yes
ac_cv_header_netdb_h=yes
ac_cv_header_netinet_in_h=yes
ac_cv_header_netinet_tcp_h=yes
ac_cv_header_poll_h=yes
ac_cv_header_stdc=yes
ac_cv_header_stdint_h=yes
ac_cv_header_stdlib_h=yes
ac_cv_header_string_h=yes
ac_cv_header_strings_h=yes
ac_cv_header_sys_ioctl_h=yes
ac_cv_header_sys_socket_h=yes
ac_cv_header_sys_stat_h=yes
ac_cv_header_sys_statvfs_h=yes
ac_cv_header_sys_time_h=yes
ac_cv_header_sys_types_h=yes
ac_cv_header_sys_types_h_makedev=yes
ac_cv_header_sys_vfs_h=yes
ac_cv_header_unistd_h=yes
ac_cv_header_utime_h=yes
ac_cv_host=armv7l-unknown-linux-gnueabihf
ac_cv_member_struct_sockaddr_sa_len=no
ac_cv_member_struct_sockaddr_storage_ss_family=yes
ac_cv_member_struct_stat_st_mtim_tv_nsec=yes
ac_cv_objext=o
ac_cv_path_EGREP='/bin/grep -E'
ac_cv_path_FGREP='/bin/grep -F'
ac_cv_path_GREP=/bin/grep
ac_cv_path_SED=/bin/sed
ac_cv_path_ac_pt_PKG_CONFIG=/usr/bin/pkg-config
ac_cv_path_install='/usr/bin/install -c'
ac_cv_path_mkdir=/bin/mkdir
ac_cv_prog_AWK=gawk
ac_cv_prog_CPP='/usr/bin/ccache /usr/bin/gcc -E'
ac_cv_prog_ac_ct_AR=ar
ac_cv_prog_ac_ct_CC='/usr/bin/ccache /usr/bin/gcc'
ac_cv_prog_ac_ct_OBJDUMP=objdump
ac_cv_prog_ac_ct_RANLIB=ranlib
ac_cv_prog_ac_ct_STRIP=strip
ac_cv_prog_cc_c89=
ac_cv_prog_cc_g=yes
ac_cv_prog_make_make_set=yes
am_cv_CC_dependencies_compiler_type=gcc3
am_cv_ar_interface=ar
am_cv_make_support_nested_variables=yes
am_cv_prog_cc_c_o=yes
lt_cv_ar_at_file=@
lt_cv_archive_cmds_need_lc=no
lt_cv_deplibs_check_method=pass_all
lt_cv_file_magic_cmd='$MAGIC_CMD'
lt_cv_file_magic_test_file=
lt_cv_ld_reload_flag=-r
lt_cv_nm_interface='BSD nm'
lt_cv_objdir=.libs
lt_cv_path_LD=/usr/bin/ld
lt_cv_path_NM='/usr/bin/nm -B'
lt_cv_path_mainfest_tool=no
lt_cv_prog_compiler_c_o=yes
lt_cv_prog_compiler_pic='-fPIC -DPIC'
lt_cv_prog_compiler_pic_works=yes
lt_cv_prog_compiler_rtti_exceptions=no
lt_cv_prog_compiler_static_works=yes
lt_cv_prog_gnu_ld=yes
lt_cv_sharedlib_from_linklib_cmd='printf %s\n'
lt_cv_shlibpath_overrides_runpath=no
lt_cv_sys_global_symbol_pipe='sed -n -e '\''s/^.*[	 ]\([ABCDGIRSTW][ABCDGIRSTW]*\)[	 ][	 ]*\([_A-Za-z][_A-Za-z0-9]*\)$/\1 \2 \2/p'\'' | sed '\''/ __gnu_lto/d'\'''
lt_cv_sys_global_symbol_to_c_name_address='sed -n -e '\''s/^: \([^ ]*\)[ ]*$/  {\"\1\", (void *) 0},/p'\'' -e '\''s/^[ABCDGIRSTW]* \([^ ]*\) \([^ ]*\)$/  {"\2", (void *) \&\2},/p'\'''
lt_cv_sys_global_symbol_to_c_name_address_lib_prefix='sed -n -e '\''s/^: \([^ ]*\)[ ]*$/  {\"\1\", (void *) 0},/p'\'' -e '\''s/^[ABCDGIRSTW]* \([^ ]*\) \(lib[^ ]*\)$/  {"\2", (void *) \&\2},/p'\'' -e '\''s/^[ABCDGIRSTW]* \([^ ]*\) \([^ ]*\)$/  {"lib\2", (void *) \&\2},/p'\'''
lt_cv_sys_global_symbol_to_cdecl='sed -n -e '\''s/^T .* \(.*\)$/extern int \1();/p'\'' -e '\''s/^[ABCDGIRSTW]* .* \(.*\)$/extern char \1;/p'\'''
lt_cv_sys_max_cmd_len=1572864
lt_cv_to_host_file_cmd=func_convert_file_noop
lt_cv_to_tool_file_cmd=func_convert_file_noop

## ----------------- ##
## Output variables. ##
## ----------------- ##

ACLOCAL='${SHELL} /mnt/package/libnfs-osmc/src/libnfs-1.9.8/missing aclocal-1.14'
AMDEPBACKSLASH='\'
AMDEP_FALSE='#'
AMDEP_TRUE=''
AMTAR='$${TAR-tar}'
AM_BACKSLASH='\'
AM_DEFAULT_V='$(AM_DEFAULT_VERBOSITY)'
AM_DEFAULT_VERBOSITY='1'
AM_V='$(V)'
AR='ar'
AUTOCONF='${SHELL} /mnt/package/libnfs-osmc/src/libnfs-1.9.8/missing autoconf'
AUTOHEADER='${SHELL} /mnt/package/libnfs-osmc/src/libnfs-1.9.8/missing autoheader'
AUTOMAKE='${SHELL} /mnt/package/libnfs-osmc/src/libnfs-1.9.8/missing automake-1.14'
AWK='gawk'
CC='/usr/bin/ccache /usr/bin/gcc'
CCDEPMODE='depmode=gcc3'
CFLAGS='-O3 -fomit-frame-pointer  -D_FILE_OFFSET_BITS=64'
CPP='/usr/bin/ccache /usr/bin/gcc -E'
CPPFLAGS='-O3 -fomit-frame-pointer '
CYGPATH_W='echo'
DEFS='-DHAVE_CONFIG_H'
DEPDIR='.deps'
DLLTOOL='false'
DSYMUTIL=''
DUMPBIN=''
ECHO_C=''
ECHO_N='-n'
ECHO_T=''
EGREP='/bin/grep -E'
EXEEXT=''
FGREP='/bin/grep -F'
GREP='/bin/grep'
INSTALL_DATA='${INSTALL} -m 644'
INSTALL_PROGRAM='${INSTALL}'
INSTALL_SCRIPT='${INSTALL}'
INSTALL_STRIP_PROGRAM='$(install_sh) -c -s'
LD='/usr/bin/ld'
LDFLAGS=''
LIBOBJS=''
LIBS=''
LIBTOOL='$(SHELL) $(top_builddir)/libtool'
LIPO=''
LN_S='ln -s'
LTLIBOBJS=''
MAKEINFO='${SHELL} /mnt/package/libnfs-osmc/src/libnfs-1.9.8/missing makeinfo'
MANIFEST_TOOL=':'
MAYBE_EXAMPLES=''
MKDIR_P='/bin/mkdir -p'
NM='/usr/bin/nm -B'
NMEDIT=''
OBJDUMP='objdump'
OBJEXT='o'
OTOOL64=''
OTOOL=''
PACKAGE='libnfs'
PACKAGE_BUGREPORT='ronniesahlberg@gmail.com'
PACKAGE_NAME='libnfs'
PACKAGE_STRING='libnfs 1.9.8'
PACKAGE_TARNAME='libnfs'
PACKAGE_URL=''
PACKAGE_VERSION='1.9.8'
PATH_SEPARATOR=':'
PKG_CONFIG='/usr/bin/pkg-config'
PKG_CONFIG_LIBDIR=''
PKG_CONFIG_PATH=''
RANLIB='ranlib'
SED='/bin/sed'
SET_MAKE=''
SHELL='/bin/bash'
STRIP='strip'
VERSION='1.9.8'
WARN_CFLAGS='-Wall -Wshadow -Wno-write-strings -Wstrict-prototypes -Wpointer-arith -Wcast-align -Wno-strict-aliasing '
ac_ct_AR='ar'
ac_ct_CC='/usr/bin/ccache /usr/bin/gcc'
ac_ct_DUMPBIN=''
am__EXEEXT_FALSE=''
am__EXEEXT_TRUE='#'
am__fastdepCC_FALSE='#'
am__fastdepCC_TRUE=''
am__include='include'
am__isrc=''
am__leading_dot='.'
am__nodep='_no'
am__quote=''
am__tar='$${TAR-tar} chof - "$$tardir"'
am__untar='$${TAR-tar} xf -'
bindir='${exec_prefix}/bin'
build='armv7l-unknown-linux-gnueabihf'
build_alias=''
build_cpu='armv7l'
build_os='linux-gnueabihf'
build_vendor='unknown'
datadir='${datarootdir}'
datarootdir='${prefix}/share'
docdir='${datarootdir}/doc/${PACKAGE_TARNAME}'
dvidir='${docdir}'
exec_prefix='${prefix}'
host='armv7l-unknown-linux-gnueabihf'
host_alias=''
host_cpu='armv7l'
host_os='linux-gnueabihf'
host_vendor='unknown'
htmldir='${docdir}'
includedir='${prefix}/include'
infodir='${datarootdir}/info'
install_sh='${SHELL} /mnt/package/libnfs-osmc/src/libnfs-1.9.8/install-sh'
libdir='${exec_prefix}/lib'
libexecdir='${exec_prefix}/libexec'
localedir='${datarootdir}/locale'
localstatedir='${prefix}/var'
mandir='${datarootdir}/man'
mkdir_p='$(MKDIR_P)'
oldincludedir='/usr/include'
pdfdir='${docdir}'
prefix='/usr'
program_transform_name='s,x,x,'
psdir='${docdir}'
sbindir='${exec_prefix}/sbin'
sharedstatedir='${prefix}/com'
sysconfdir='${prefix}/etc'
target_alias=''

## ----------- ##
## confdefs.h. ##
## ----------- ##

/* confdefs.h */
#define PACKAGE_NAME "libnfs"
#define PACKAGE_TARNAME "libnfs"
#define PACKAGE_VERSION "1.9.8"
#define PACKAGE_STRING "libnfs 1.9.8"
#define PACKAGE_BUGREPORT "ronniesahlberg@gmail.com"
#define PACKAGE_URL ""
#define PACKAGE "libnfs"
#define VERSION "1.9.8"
#define STDC_HEADERS 1
#define HAVE_SYS_TYPES_H 1
#define HAVE_SYS_STAT_H 1
#define HAVE_STDLIB_H 1
#define HAVE_STRING_H 1
#define HAVE_MEMORY_H 1
#define HAVE_STRINGS_H 1
#define HAVE_INTTYPES_H 1
#define HAVE_STDINT_H 1
#define HAVE_UNISTD_H 1
#define HAVE_DLFCN_H 1
#define LT_OBJDIR ".libs/"
#define HAVE_POLL_H 1
#define HAVE_UNISTD_H 1
#define HAVE_NETDB_H 1
#define HAVE_UTIME_H 1
#define HAVE_NET_IF_H 1
#define HAVE_SYS_TIME_H 1
#define HAVE_SYS_IOCTL_H 1
#define HAVE_SYS_VFS_H 1
#define HAVE_SYS_STATVFS_H 1
#define HAVE_SYS_SOCKET_H 1
#define HAVE_NETINET_TCP_H 1
#define HAVE_NETINET_IN_H 1
#define HAVE_ARPA_INET_H 1
#define HAVE_SOCKADDR_STORAGE 1
#define HAVE_STRUCT_STAT_ST_MTIM_TV_NSEC 1

configure: exit 0
