Determining if the pthread_create exist failed with the following output:
Change Dir: /mnt/package/libcec-next-osmc/src/libcec-62b8520cf801343d93e8427393d3d929e59d9c7e/CMakeFiles/CMakeTmp

Run Build Command:"/usr/bin/make" "cmTryCompileExec2373651408/fast"
/usr/bin/make -f CMakeFiles/cmTryCompileExec2373651408.dir/build.make CMakeFiles/cmTryCompileExec2373651408.dir/build
make[1]: Entering directory '/mnt/package/libcec-next-osmc/src/libcec-62b8520cf801343d93e8427393d3d929e59d9c7e/CMakeFiles/CMakeTmp'
/usr/bin/cmake -E cmake_progress_report /mnt/package/libcec-next-osmc/src/libcec-62b8520cf801343d93e8427393d3d929e59d9c7e/CMakeFiles/CMakeTmp/CMakeFiles 1
Building C object CMakeFiles/cmTryCompileExec2373651408.dir/CheckSymbolExists.c.o
/usr/lib/ccache/cc   -O3 -fomit-frame-pointer -I/usr/osmc/include -L/usr/osmc/lib      -o CMakeFiles/cmTryCompileExec2373651408.dir/CheckSymbolExists.c.o   -c /mnt/package/libcec-next-osmc/src/libcec-62b8520cf801343d93e8427393d3d929e59d9c7e/CMakeFiles/CMakeTmp/CheckSymbolExists.c
Linking C executable cmTryCompileExec2373651408
/usr/bin/cmake -E cmake_link_script CMakeFiles/cmTryCompileExec2373651408.dir/link.txt --verbose=1
/usr/lib/ccache/cc  -O3 -fomit-frame-pointer -I/usr/osmc/include -L/usr/osmc/lib       CMakeFiles/cmTryCompileExec2373651408.dir/CheckSymbolExists.c.o  -o cmTryCompileExec2373651408 -rdynamic 
CMakeFiles/cmTryCompileExec2373651408.dir/CheckSymbolExists.c.o: In function `main':
CheckSymbolExists.c:(.text.startup+0x0): undefined reference to `pthread_create'
CheckSymbolExists.c:(.text.startup+0x4): undefined reference to `pthread_create'
collect2: error: ld returned 1 exit status
CMakeFiles/cmTryCompileExec2373651408.dir/build.make:88: recipe for target 'cmTryCompileExec2373651408' failed
make[1]: *** [cmTryCompileExec2373651408] Error 1
make[1]: Leaving directory '/mnt/package/libcec-next-osmc/src/libcec-62b8520cf801343d93e8427393d3d929e59d9c7e/CMakeFiles/CMakeTmp'
Makefile:118: recipe for target 'cmTryCompileExec2373651408/fast' failed
make: *** [cmTryCompileExec2373651408/fast] Error 2

File /mnt/package/libcec-next-osmc/src/libcec-62b8520cf801343d93e8427393d3d929e59d9c7e/CMakeFiles/CMakeTmp/CheckSymbolExists.c:
/* */
#include <pthread.h>

int main(int argc, char** argv)
{
  (void)argv;
#ifndef pthread_create
  return ((int*)(&pthread_create))[argc];
#else
  (void)argc;
  return 0;
#endif
}

Determining if the function pthread_create exists in the pthreads failed with the following output:
Change Dir: /mnt/package/libcec-next-osmc/src/libcec-62b8520cf801343d93e8427393d3d929e59d9c7e/CMakeFiles/CMakeTmp

Run Build Command:"/usr/bin/make" "cmTryCompileExec959630392/fast"
/usr/bin/make -f CMakeFiles/cmTryCompileExec959630392.dir/build.make CMakeFiles/cmTryCompileExec959630392.dir/build
make[1]: Entering directory '/mnt/package/libcec-next-osmc/src/libcec-62b8520cf801343d93e8427393d3d929e59d9c7e/CMakeFiles/CMakeTmp'
/usr/bin/cmake -E cmake_progress_report /mnt/package/libcec-next-osmc/src/libcec-62b8520cf801343d93e8427393d3d929e59d9c7e/CMakeFiles/CMakeTmp/CMakeFiles 1
Building C object CMakeFiles/cmTryCompileExec959630392.dir/CheckFunctionExists.c.o
/usr/lib/ccache/cc   -O3 -fomit-frame-pointer -I/usr/osmc/include -L/usr/osmc/lib   -DCHECK_FUNCTION_EXISTS=pthread_create   -o CMakeFiles/cmTryCompileExec959630392.dir/CheckFunctionExists.c.o   -c /usr/share/cmake-3.0/Modules/CheckFunctionExists.c
Linking C executable cmTryCompileExec959630392
/usr/bin/cmake -E cmake_link_script CMakeFiles/cmTryCompileExec959630392.dir/link.txt --verbose=1
/usr/lib/ccache/cc  -O3 -fomit-frame-pointer -I/usr/osmc/include -L/usr/osmc/lib   -DCHECK_FUNCTION_EXISTS=pthread_create    CMakeFiles/cmTryCompileExec959630392.dir/CheckFunctionExists.c.o  -o cmTryCompileExec959630392 -rdynamic -lpthreads 
/usr/bin/ld: cannot find -lpthreads
collect2: error: ld returned 1 exit status
CMakeFiles/cmTryCompileExec959630392.dir/build.make:88: recipe for target 'cmTryCompileExec959630392' failed
make[1]: *** [cmTryCompileExec959630392] Error 1
make[1]: Leaving directory '/mnt/package/libcec-next-osmc/src/libcec-62b8520cf801343d93e8427393d3d929e59d9c7e/CMakeFiles/CMakeTmp'
Makefile:118: recipe for target 'cmTryCompileExec959630392/fast' failed
make: *** [cmTryCompileExec959630392/fast] Error 2


Determining if the function initscr exists in the curses failed with the following output:
Change Dir: /mnt/package/libcec-next-osmc/src/libcec-62b8520cf801343d93e8427393d3d929e59d9c7e/CMakeFiles/CMakeTmp

Run Build Command:"/usr/bin/make" "cmTryCompileExec3087200872/fast"
/usr/bin/make -f CMakeFiles/cmTryCompileExec3087200872.dir/build.make CMakeFiles/cmTryCompileExec3087200872.dir/build
make[1]: Entering directory '/mnt/package/libcec-next-osmc/src/libcec-62b8520cf801343d93e8427393d3d929e59d9c7e/CMakeFiles/CMakeTmp'
/usr/bin/cmake -E cmake_progress_report /mnt/package/libcec-next-osmc/src/libcec-62b8520cf801343d93e8427393d3d929e59d9c7e/CMakeFiles/CMakeTmp/CMakeFiles 1
Building C object CMakeFiles/cmTryCompileExec3087200872.dir/CheckFunctionExists.c.o
/usr/lib/ccache/cc   -O3 -fomit-frame-pointer -I/usr/osmc/include -L/usr/osmc/lib   -DCHECK_FUNCTION_EXISTS=initscr   -o CMakeFiles/cmTryCompileExec3087200872.dir/CheckFunctionExists.c.o   -c /usr/share/cmake-3.0/Modules/CheckFunctionExists.c
Linking C executable cmTryCompileExec3087200872
/usr/bin/cmake -E cmake_link_script CMakeFiles/cmTryCompileExec3087200872.dir/link.txt --verbose=1
/usr/lib/ccache/cc  -O3 -fomit-frame-pointer -I/usr/osmc/include -L/usr/osmc/lib   -DCHECK_FUNCTION_EXISTS=initscr    CMakeFiles/cmTryCompileExec3087200872.dir/CheckFunctionExists.c.o  -o cmTryCompileExec3087200872 -rdynamic -lcurses 
/usr/bin/ld: cannot find -lcurses
collect2: error: ld returned 1 exit status
CMakeFiles/cmTryCompileExec3087200872.dir/build.make:88: recipe for target 'cmTryCompileExec3087200872' failed
make[1]: *** [cmTryCompileExec3087200872] Error 1
make[1]: Leaving directory '/mnt/package/libcec-next-osmc/src/libcec-62b8520cf801343d93e8427393d3d929e59d9c7e/CMakeFiles/CMakeTmp'
Makefile:118: recipe for target 'cmTryCompileExec3087200872/fast' failed
make: *** [cmTryCompileExec3087200872/fast] Error 2


Determining if files X11/Xlib.h;X11/Xatom.h;X11/extensions/Xrandr.h exist failed with the following output:
Change Dir: /mnt/package/libcec-next-osmc/src/libcec-62b8520cf801343d93e8427393d3d929e59d9c7e/CMakeFiles/CMakeTmp

Run Build Command:"/usr/bin/make" "cmTryCompileExec2314284553/fast"
/usr/bin/make -f CMakeFiles/cmTryCompileExec2314284553.dir/build.make CMakeFiles/cmTryCompileExec2314284553.dir/build
make[1]: Entering directory '/mnt/package/libcec-next-osmc/src/libcec-62b8520cf801343d93e8427393d3d929e59d9c7e/CMakeFiles/CMakeTmp'
/usr/bin/cmake -E cmake_progress_report /mnt/package/libcec-next-osmc/src/libcec-62b8520cf801343d93e8427393d3d929e59d9c7e/CMakeFiles/CMakeTmp/CMakeFiles 1
Building C object CMakeFiles/cmTryCompileExec2314284553.dir/CheckIncludeFiles.c.o
/usr/lib/ccache/cc   -O3 -fomit-frame-pointer -I/usr/osmc/include -L/usr/osmc/lib    -fPIE   -o CMakeFiles/cmTryCompileExec2314284553.dir/CheckIncludeFiles.c.o   -c /mnt/package/libcec-next-osmc/src/libcec-62b8520cf801343d93e8427393d3d929e59d9c7e/CMakeFiles/CMakeTmp/CheckIncludeFiles.c
/mnt/package/libcec-next-osmc/src/libcec-62b8520cf801343d93e8427393d3d929e59d9c7e/CMakeFiles/CMakeTmp/CheckIncludeFiles.c:4:35: fatal error: X11/extensions/Xrandr.h: No such file or directory
 #include <X11/extensions/Xrandr.h>
                                   ^
compilation terminated.
CMakeFiles/cmTryCompileExec2314284553.dir/build.make:57: recipe for target 'CMakeFiles/cmTryCompileExec2314284553.dir/CheckIncludeFiles.c.o' failed
make[1]: *** [CMakeFiles/cmTryCompileExec2314284553.dir/CheckIncludeFiles.c.o] Error 1
make[1]: Leaving directory '/mnt/package/libcec-next-osmc/src/libcec-62b8520cf801343d93e8427393d3d929e59d9c7e/CMakeFiles/CMakeTmp'
Makefile:118: recipe for target 'cmTryCompileExec2314284553/fast' failed
make: *** [cmTryCompileExec2314284553/fast] Error 2

Source:
/* */
#include <X11/Xlib.h>
#include <X11/Xatom.h>
#include <X11/extensions/Xrandr.h>


int main(){return 0;}

Determining if the function XRRGetScreenResources exists in the Xrandr failed with the following output:
Change Dir: /mnt/package/libcec-next-osmc/src/libcec-62b8520cf801343d93e8427393d3d929e59d9c7e/CMakeFiles/CMakeTmp

Run Build Command:"/usr/bin/make" "cmTryCompileExec1406792272/fast"
/usr/bin/make -f CMakeFiles/cmTryCompileExec1406792272.dir/build.make CMakeFiles/cmTryCompileExec1406792272.dir/build
make[1]: Entering directory '/mnt/package/libcec-next-osmc/src/libcec-62b8520cf801343d93e8427393d3d929e59d9c7e/CMakeFiles/CMakeTmp'
/usr/bin/cmake -E cmake_progress_report /mnt/package/libcec-next-osmc/src/libcec-62b8520cf801343d93e8427393d3d929e59d9c7e/CMakeFiles/CMakeTmp/CMakeFiles 1
Building C object CMakeFiles/cmTryCompileExec1406792272.dir/CheckFunctionExists.c.o
/usr/lib/ccache/cc   -O3 -fomit-frame-pointer -I/usr/osmc/include -L/usr/osmc/lib   -DCHECK_FUNCTION_EXISTS=XRRGetScreenResources -fPIE   -o CMakeFiles/cmTryCompileExec1406792272.dir/CheckFunctionExists.c.o   -c /usr/share/cmake-3.0/Modules/CheckFunctionExists.c
Linking C executable cmTryCompileExec1406792272
/usr/bin/cmake -E cmake_link_script CMakeFiles/cmTryCompileExec1406792272.dir/link.txt --verbose=1
/usr/lib/ccache/cc  -O3 -fomit-frame-pointer -I/usr/osmc/include -L/usr/osmc/lib   -DCHECK_FUNCTION_EXISTS=XRRGetScreenResources    CMakeFiles/cmTryCompileExec1406792272.dir/CheckFunctionExists.c.o  -o cmTryCompileExec1406792272 -rdynamic -lXrandr 
/usr/bin/ld: cannot find -lXrandr
collect2: error: ld returned 1 exit status
CMakeFiles/cmTryCompileExec1406792272.dir/build.make:88: recipe for target 'cmTryCompileExec1406792272' failed
make[1]: *** [cmTryCompileExec1406792272] Error 1
make[1]: Leaving directory '/mnt/package/libcec-next-osmc/src/libcec-62b8520cf801343d93e8427393d3d929e59d9c7e/CMakeFiles/CMakeTmp'
Makefile:118: recipe for target 'cmTryCompileExec1406792272/fast' failed
make: *** [cmTryCompileExec1406792272/fast] Error 2


Determining if the function bcm_host_init exists in the bcm_host failed with the following output:
Change Dir: /mnt/package/libcec-next-osmc/src/libcec-62b8520cf801343d93e8427393d3d929e59d9c7e/CMakeFiles/CMakeTmp

Run Build Command:"/usr/bin/make" "cmTryCompileExec1731638510/fast"
/usr/bin/make -f CMakeFiles/cmTryCompileExec1731638510.dir/build.make CMakeFiles/cmTryCompileExec1731638510.dir/build
make[1]: Entering directory '/mnt/package/libcec-next-osmc/src/libcec-62b8520cf801343d93e8427393d3d929e59d9c7e/CMakeFiles/CMakeTmp'
/usr/bin/cmake -E cmake_progress_report /mnt/package/libcec-next-osmc/src/libcec-62b8520cf801343d93e8427393d3d929e59d9c7e/CMakeFiles/CMakeTmp/CMakeFiles 1
Building C object CMakeFiles/cmTryCompileExec1731638510.dir/CheckFunctionExists.c.o
/usr/lib/ccache/cc   -O3 -fomit-frame-pointer -I/usr/osmc/include -L/usr/osmc/lib   -DCHECK_FUNCTION_EXISTS=bcm_host_init -fPIE   -o CMakeFiles/cmTryCompileExec1731638510.dir/CheckFunctionExists.c.o   -c /usr/share/cmake-3.0/Modules/CheckFunctionExists.c
Linking C executable cmTryCompileExec1731638510
/usr/bin/cmake -E cmake_link_script CMakeFiles/cmTryCompileExec1731638510.dir/link.txt --verbose=1
/usr/lib/ccache/cc  -O3 -fomit-frame-pointer -I/usr/osmc/include -L/usr/osmc/lib   -DCHECK_FUNCTION_EXISTS=bcm_host_init    CMakeFiles/cmTryCompileExec1731638510.dir/CheckFunctionExists.c.o  -o cmTryCompileExec1731638510 -rdynamic -lbcm_host 
/usr/bin/ld: cannot find -lbcm_host
collect2: error: ld returned 1 exit status
CMakeFiles/cmTryCompileExec1731638510.dir/build.make:88: recipe for target 'cmTryCompileExec1731638510' failed
make[1]: *** [cmTryCompileExec1731638510] Error 1
make[1]: Leaving directory '/mnt/package/libcec-next-osmc/src/libcec-62b8520cf801343d93e8427393d3d929e59d9c7e/CMakeFiles/CMakeTmp'
Makefile:118: recipe for target 'cmTryCompileExec1731638510/fast' failed
make: *** [cmTryCompileExec1731638510/fast] Error 2


Determining if files tda998x_ioctl.h;comps/tmdlHdmiCEC/inc/tmdlHdmiCEC_Types.h exist failed with the following output:
Change Dir: /mnt/package/libcec-next-osmc/src/libcec-62b8520cf801343d93e8427393d3d929e59d9c7e/CMakeFiles/CMakeTmp

Run Build Command:"/usr/bin/make" "cmTryCompileExec1716754776/fast"
/usr/bin/make -f CMakeFiles/cmTryCompileExec1716754776.dir/build.make CMakeFiles/cmTryCompileExec1716754776.dir/build
make[1]: Entering directory '/mnt/package/libcec-next-osmc/src/libcec-62b8520cf801343d93e8427393d3d929e59d9c7e/CMakeFiles/CMakeTmp'
/usr/bin/cmake -E cmake_progress_report /mnt/package/libcec-next-osmc/src/libcec-62b8520cf801343d93e8427393d3d929e59d9c7e/CMakeFiles/CMakeTmp/CMakeFiles 1
Building C object CMakeFiles/cmTryCompileExec1716754776.dir/CheckIncludeFiles.c.o
/usr/lib/ccache/cc   -O3 -fomit-frame-pointer -I/usr/osmc/include -L/usr/osmc/lib    -fPIE   -o CMakeFiles/cmTryCompileExec1716754776.dir/CheckIncludeFiles.c.o   -c /mnt/package/libcec-next-osmc/src/libcec-62b8520cf801343d93e8427393d3d929e59d9c7e/CMakeFiles/CMakeTmp/CheckIncludeFiles.c
/mnt/package/libcec-next-osmc/src/libcec-62b8520cf801343d93e8427393d3d929e59d9c7e/CMakeFiles/CMakeTmp/CheckIncludeFiles.c:2:27: fatal error: tda998x_ioctl.h: No such file or directory
 #include <tda998x_ioctl.h>
                           ^
compilation terminated.
CMakeFiles/cmTryCompileExec1716754776.dir/build.make:57: recipe for target 'CMakeFiles/cmTryCompileExec1716754776.dir/CheckIncludeFiles.c.o' failed
make[1]: *** [CMakeFiles/cmTryCompileExec1716754776.dir/CheckIncludeFiles.c.o] Error 1
make[1]: Leaving directory '/mnt/package/libcec-next-osmc/src/libcec-62b8520cf801343d93e8427393d3d929e59d9c7e/CMakeFiles/CMakeTmp'
Makefile:118: recipe for target 'cmTryCompileExec1716754776/fast' failed
make: *** [cmTryCompileExec1716754776/fast] Error 2

Source:
/* */
#include <tda998x_ioctl.h>
#include <comps/tmdlHdmiCEC/inc/tmdlHdmiCEC_Types.h>


int main(){return 0;}

